<?xml version="1.0" encoding="UTF-8"?>
<!-- Generated by org.testng.reporters.JUnitReportReporter -->
<testsuite hostname="TYSS-Shobha" failures="0" tests="1" name="Pratice.DemoTest" time="0.013" errors="0" timestamp="2023-08-21T06:39:08 IST" skipped="0">
  <testcase classname="Pratice.DemoTest" name="m1" time="0.013"/>
  <system-out/>
</testsuite> <!-- Pratice.DemoTest -->
