<?xml version="1.0" encoding="UTF-8"?>
<!-- Generated by org.testng.reporters.JUnitReportReporter -->
<testsuite hostname="TYSS-Shobha" failures="0" tests="1" name="Pratice.Demo2" time="0.002" errors="0" timestamp="2023-08-21T06:39:08 IST" skipped="0">
  <testcase classname="Pratice.Demo2" name="m2" time="0.002"/>
  <system-out/>
</testsuite> <!-- Pratice.Demo2 -->
